<?xml version="1.0" encoding="UTF-8"?>
<testsuite xmlns:xsi="http://www.w3.org/2001/XMLSchema-instance" xsi:noNamespaceSchemaLocation="https://maven.apache.org/surefire/maven-surefire-plugin/xsd/surefire-test-report-3.0.xsd" version="3.0" name="TestSuite" time="18.19" tests="19" errors="0" skipped="0" failures="0">
  <properties>
[...]
</properties>
  <testcase name="checkboxes_test" classname="assessment.CheckBoxes" time="0.735">
    <system-err><![CDATA[SLF4J: Failed to load class "org.slf4j.impl.StaticLoggerBinder".
SLF4J: Defaulting to no-operation (NOP) logger implementation
SLF4J: See http://www.slf4j.org/codes.html#StaticLoggerBinder for further details.
Starting ChromeDriver 106.0.5249.61 (511755355844955cd3e264779baf0dd38212a4d0-refs/branch-heads/5249@{#569}) on port 22854
Only local connections are allowed.
Please see https://chromedriver.chromium.org/security-considerations for suggestions on keeping ChromeDriver safe.
ChromeDriver was started successfully.
Oct 15, 2022 10:45:08 AM org.openqa.selenium.remote.ProtocolHandshake createSession
INFO: Detected dialect: W3C
]]></system-err>
  </testcase>
  <testcase name="right_click_alert_trigger_test" classname="assessment.ContextMenu" time="0.35"/>
  <testcase name="drag_and_drop_test" classname="assessment.DragAndDrop" time="0.322"/>
  <testcase name="dropdown_test" classname="assessment.DropDown" time="0.444"/>
  <testcase name="dynamic_content" classname="assessment.DynamicContent" time="0.398"/>
  <testcase name="dynamic_wait_test" classname="assessment.DynamicWait" time="5.23"/>
  <testcase name="file_upload_test" classname="assessment.FileUpload" time="0.371"/>
  <testcase name="floating_menu_test" classname="assessment.FloatingMenu" time="0.254"/>
  <testcase name="iframe_test" classname="assessment.IFrame" time="1.54"/>
  <testcase name="javascript_error_test" classname="assessment.JavaScriptError" time="0.079"/>
  <testcase name="javascript_simple_alert_test" classname="assessment.JavasScriptAlert" time="0.191"/>
  <testcase name="javascript_confirmation_alert_test" classname="assessment.JavasScriptAlert" time="0.153"/>
  <testcase name="javascript_prompt_alert_test" classname="assessment.JavasScriptAlert" time="0.171"/>
  <testcase name="login_success" classname="assessment.LoginValidation" time="0.53"/>
  <testcase name="login_failure_invalid_username_message" classname="assessment.LoginValidation" time="0.462"/>
  <testcase name="login_failure_invalid_password_message" classname="assessment.LoginValidation" time="0.387"/>
  <testcase name="mouse_hover_test" classname="assessment.MouseHover" time="0.709"/>
  <testcase name="notification_message_test" classname="assessment.NotificationMessage" time="1.553"/>
  <testcase name="open_in_new_tab_test" classname="assessment.OpeningNewWindow" time="0.307"/>
</testsuite>